<?xml version="1.0" encoding="UTF-8"?>
<testsuite xmlns:xsi="http://www.w3.org/2001/XMLSchema-instance" xsi:noNamespaceSchemaLocation="https://maven.apache.org/surefire/maven-surefire-plugin/xsd/surefire-test-report-3.0.xsd" version="3.0" name="org.junction.wolt.GreetingResourceTest" time="2.593" tests="1" errors="0" skipped="0" failures="0">
  <properties>
[...]
</properties>
  <testcase name="testHelloEndpoint" classname="org.junction.wolt.GreetingResourceTest" time="0.599">
    <system-out><![CDATA[2022-11-05 18:17:38,741 INFO  [io.quarkus] (main) crud 1.0.0-SNAPSHOT on JVM (powered by Quarkus 2.13.3.Final) started in 1.017s. Listening on: http://localhost:8081
2022-11-05 18:17:38,743 INFO  [io.quarkus] (main) Profile test activated. 
2022-11-05 18:17:38,743 INFO  [io.quarkus] (main) Installed features: [cdi, rest-client-reactive, rest-client-reactive-jackson, resteasy-reactive, resteasy-reactive-jackson, smallrye-context-propagation, vertx]
]]></system-out>
  </testcase>
</testsuite>